2024-03-22 10:11:58,525 INFO    StreamThr :109895 [internal.py:wandb_internal():86] W&B internal server running at pid: 109895, started at: 2024-03-22 10:11:58.523017
2024-03-22 10:11:58,529 DEBUG   HandlerThread:109895 [handler.py:handle_request():146] handle_request: status
2024-03-22 10:11:58,545 INFO    WriterThread:109895 [datastore.py:open_for_write():87] open: /mnt/d/WSL/Flight-Fare-Prediction/wandb/run-20240322_101148-Top 5 Airline Pie Chart/run-Top 5 Airline Pie Chart.wandb
2024-03-22 10:11:58,547 DEBUG   SenderThread:109895 [sender.py:send():382] send: header
2024-03-22 10:11:58,591 DEBUG   SenderThread:109895 [sender.py:send():382] send: run
2024-03-22 10:12:03,592 DEBUG   HandlerThread:109895 [handler.py:handle_request():146] handle_request: keepalive
2024-03-22 10:12:06,202 INFO    SenderThread:109895 [dir_watcher.py:__init__():211] watching files in: /mnt/d/WSL/Flight-Fare-Prediction/wandb/run-20240322_101148-Top 5 Airline Pie Chart/files
2024-03-22 10:12:06,202 INFO    SenderThread:109895 [sender.py:_start_run_threads():1136] run started: Top 5 Airline Pie Chart with start time 1711082518.52436
2024-03-22 10:12:06,202 DEBUG   HandlerThread:109895 [handler.py:handle_request():146] handle_request: status_report
2024-03-22 10:12:06,217 DEBUG   HandlerThread:109895 [handler.py:handle_request():146] handle_request: check_version
2024-03-22 10:12:06,218 DEBUG   SenderThread:109895 [sender.py:send_request():409] send_request: check_version
2024-03-22 10:12:11,218 DEBUG   HandlerThread:109895 [handler.py:handle_request():146] handle_request: keepalive
2024-03-22 10:12:11,219 DEBUG   HandlerThread:109895 [handler.py:handle_request():146] handle_request: status_report
2024-03-22 10:12:11,272 DEBUG   HandlerThread:109895 [handler.py:handle_request():146] handle_request: run_start
2024-03-22 10:12:11,274 DEBUG   HandlerThread:109895 [system_info.py:__init__():27] System info init
2024-03-22 10:12:11,274 DEBUG   HandlerThread:109895 [system_info.py:__init__():42] System info init done
2024-03-22 10:12:11,274 INFO    HandlerThread:109895 [system_monitor.py:start():194] Starting system monitor
2024-03-22 10:12:11,275 INFO    SystemMonitor:109895 [system_monitor.py:_start():158] Starting system asset monitoring threads
2024-03-22 10:12:11,275 INFO    HandlerThread:109895 [system_monitor.py:probe():214] Collecting system info
2024-03-22 10:12:11,276 INFO    SystemMonitor:109895 [interfaces.py:start():190] Started cpu monitoring
2024-03-22 10:12:11,277 INFO    SystemMonitor:109895 [interfaces.py:start():190] Started disk monitoring
2024-03-22 10:12:11,278 INFO    SystemMonitor:109895 [interfaces.py:start():190] Started gpu monitoring
2024-03-22 10:12:11,279 INFO    SystemMonitor:109895 [interfaces.py:start():190] Started memory monitoring
2024-03-22 10:12:11,280 INFO    SystemMonitor:109895 [interfaces.py:start():190] Started network monitoring
2024-03-22 10:12:11,287 DEBUG   HandlerThread:109895 [system_info.py:probe():151] Probing system
2024-03-22 10:12:11,296 DEBUG   HandlerThread:109895 [system_info.py:_probe_git():136] Probing git
2024-03-22 10:12:11,346 DEBUG   HandlerThread:109895 [system_info.py:_probe_git():144] Probing git done
2024-03-22 10:12:11,346 DEBUG   HandlerThread:109895 [system_info.py:probe():199] Probing system done
2024-03-22 10:12:11,346 DEBUG   HandlerThread:109895 [system_monitor.py:probe():223] {'os': 'Linux-5.15.146.1-microsoft-standard-WSL2-x86_64-with-glibc2.35', 'python': '3.11.5', 'heartbeatAt': '2024-03-22T04:42:11.287463', 'startedAt': '2024-03-22T04:41:48.796167', 'docker': None, 'cuda': None, 'args': (), 'state': 'running', 'program': '<python with no main file>', 'codePathLocal': None, 'git': {'remote': 'https://github.com/souvikghosh2000/Flight-Fare-Prediction.git', 'commit': '38d17acd4cac750cbe17989cfa6302cc08ab90b8'}, 'email': '“ghsouvik2000@gmail.com”', 'root': '/mnt/d/WSL/Flight-Fare-Prediction', 'host': 'LAPTOP-UGUDUH62', 'username': 'souvik', 'executable': '/home/souvik/miniconda3/bin/python', 'cpu_count': 6, 'cpu_count_logical': 12, 'cpu_freq': {'current': 3293.732, 'min': 0.0, 'max': 0.0}, 'cpu_freq_per_core': [{'current': 3293.732, 'min': 0.0, 'max': 0.0}, {'current': 3293.732, 'min': 0.0, 'max': 0.0}, {'current': 3293.732, 'min': 0.0, 'max': 0.0}, {'current': 3293.732, 'min': 0.0, 'max': 0.0}, {'current': 3293.732, 'min': 0.0, 'max': 0.0}, {'current': 3293.732, 'min': 0.0, 'max': 0.0}, {'current': 3293.732, 'min': 0.0, 'max': 0.0}, {'current': 3293.732, 'min': 0.0, 'max': 0.0}, {'current': 3293.732, 'min': 0.0, 'max': 0.0}, {'current': 3293.732, 'min': 0.0, 'max': 0.0}, {'current': 3293.732, 'min': 0.0, 'max': 0.0}, {'current': 3293.732, 'min': 0.0, 'max': 0.0}], 'disk': {'/': {'total': 1006.853931427002, 'used': 16.261734008789062}}, 'gpu': 'NVIDIA GeForce RTX 3050 Ti Laptop GPU', 'gpu_count': 1, 'gpu_devices': [{'name': 'NVIDIA GeForce RTX 3050 Ti Laptop GPU', 'memory_total': 4294967296}], 'memory': {'total': 3.5644454956054688}}
2024-03-22 10:12:11,347 INFO    HandlerThread:109895 [system_monitor.py:probe():224] Finished collecting system info
2024-03-22 10:12:11,347 INFO    HandlerThread:109895 [system_monitor.py:probe():227] Publishing system info
2024-03-22 10:12:11,347 DEBUG   HandlerThread:109895 [system_info.py:_save_conda():208] Saving list of conda packages installed into the current environment
2024-03-22 10:12:12,223 INFO    Thread-87 :109895 [dir_watcher.py:_on_file_created():271] file/dir created: /mnt/d/WSL/Flight-Fare-Prediction/wandb/run-20240322_101148-Top 5 Airline Pie Chart/files/conda-environment.yaml
2024-03-22 10:12:17,159 DEBUG   HandlerThread:109895 [system_info.py:_save_conda():220] Saving conda packages done
2024-03-22 10:12:17,162 INFO    HandlerThread:109895 [system_monitor.py:probe():229] Finished publishing system info
2024-03-22 10:12:17,162 DEBUG   HandlerThread:109895 [handler.py:handle_request():146] handle_request: status_report
2024-03-22 10:12:17,163 DEBUG   HandlerThread:109895 [handler.py:handle_request():146] handle_request: keepalive
2024-03-22 10:12:17,163 DEBUG   SenderThread:109895 [sender.py:send():382] send: files
2024-03-22 10:12:17,163 INFO    SenderThread:109895 [sender.py:_save_file():1403] saving file wandb-metadata.json with policy now
2024-03-22 10:12:17,175 DEBUG   HandlerThread:109895 [handler.py:handle_request():146] handle_request: python_packages
2024-03-22 10:12:17,176 DEBUG   SenderThread:109895 [sender.py:send_request():409] send_request: python_packages
2024-03-22 10:12:17,176 DEBUG   HandlerThread:109895 [handler.py:handle_request():146] handle_request: stop_status
2024-03-22 10:12:17,177 DEBUG   HandlerThread:109895 [handler.py:handle_request():146] handle_request: internal_messages
2024-03-22 10:12:17,179 DEBUG   SenderThread:109895 [sender.py:send_request():409] send_request: stop_status
2024-03-22 10:12:17,230 DEBUG   HandlerThread:109895 [handler.py:handle_request():146] handle_request: partial_history
2024-03-22 10:12:17,233 DEBUG   HandlerThread:109895 [handler.py:handle_request():146] handle_request: pause
2024-03-22 10:12:17,233 INFO    HandlerThread:109895 [handler.py:handle_request_pause():708] stopping system metrics thread
2024-03-22 10:12:17,233 INFO    HandlerThread:109895 [system_monitor.py:finish():203] Stopping system monitor
2024-03-22 10:12:17,233 DEBUG   SystemMonitor:109895 [system_monitor.py:_start():172] Starting system metrics aggregation loop
2024-03-22 10:12:17,234 INFO    HandlerThread:109895 [interfaces.py:finish():202] Joined cpu monitor
2024-03-22 10:12:17,234 DEBUG   SystemMonitor:109895 [system_monitor.py:_start():179] Finished system metrics aggregation loop
2024-03-22 10:12:17,235 INFO    HandlerThread:109895 [interfaces.py:finish():202] Joined disk monitor
2024-03-22 10:12:17,235 DEBUG   SystemMonitor:109895 [system_monitor.py:_start():183] Publishing last batch of metrics
2024-03-22 10:12:17,246 INFO    HandlerThread:109895 [interfaces.py:finish():202] Joined gpu monitor
2024-03-22 10:12:17,246 INFO    HandlerThread:109895 [interfaces.py:finish():202] Joined memory monitor
2024-03-22 10:12:17,246 INFO    Thread-87 :109895 [dir_watcher.py:_on_file_modified():288] file/dir modified: /mnt/d/WSL/Flight-Fare-Prediction/wandb/run-20240322_101148-Top 5 Airline Pie Chart/files/conda-environment.yaml
2024-03-22 10:12:17,246 INFO    HandlerThread:109895 [interfaces.py:finish():202] Joined network monitor
2024-03-22 10:12:17,247 INFO    Thread-87 :109895 [dir_watcher.py:_on_file_created():271] file/dir created: /mnt/d/WSL/Flight-Fare-Prediction/wandb/run-20240322_101148-Top 5 Airline Pie Chart/files/requirements.txt
2024-03-22 10:12:17,248 INFO    Thread-87 :109895 [dir_watcher.py:_on_file_created():271] file/dir created: /mnt/d/WSL/Flight-Fare-Prediction/wandb/run-20240322_101148-Top 5 Airline Pie Chart/files/media/images/Top 5 Airline Pie Chart_0_dff2d2129055a50f3217.png
2024-03-22 10:12:17,257 INFO    Thread-87 :109895 [dir_watcher.py:_on_file_created():271] file/dir created: /mnt/d/WSL/Flight-Fare-Prediction/wandb/run-20240322_101148-Top 5 Airline Pie Chart/files/wandb-metadata.json
2024-03-22 10:12:17,259 INFO    Thread-87 :109895 [dir_watcher.py:_on_file_created():271] file/dir created: /mnt/d/WSL/Flight-Fare-Prediction/wandb/run-20240322_101148-Top 5 Airline Pie Chart/files/media
2024-03-22 10:12:17,261 INFO    Thread-87 :109895 [dir_watcher.py:_on_file_created():271] file/dir created: /mnt/d/WSL/Flight-Fare-Prediction/wandb/run-20240322_101148-Top 5 Airline Pie Chart/files/media/images
2024-03-22 10:12:22,177 DEBUG   HandlerThread:109895 [handler.py:handle_request():146] handle_request: keepalive
2024-03-22 10:12:27,179 DEBUG   HandlerThread:109895 [handler.py:handle_request():146] handle_request: keepalive
2024-03-22 10:12:32,177 DEBUG   HandlerThread:109895 [handler.py:handle_request():146] handle_request: internal_messages
2024-03-22 10:12:37,181 DEBUG   HandlerThread:109895 [handler.py:handle_request():146] handle_request: keepalive
2024-03-22 10:12:40,197 DEBUG   SenderThread:109895 [sender.py:send():382] send: telemetry
2024-03-22 10:12:40,197 DEBUG   HandlerThread:109895 [handler.py:handle_request():146] handle_request: status_report
2024-03-22 10:12:40,198 DEBUG   SenderThread:109895 [sender.py:send():382] send: files
2024-03-22 10:12:40,198 INFO    SenderThread:109895 [sender.py:_save_file():1403] saving file media/images/Top 5 Airline Pie Chart_0_dff2d2129055a50f3217.png with policy now
2024-03-22 10:12:40,207 DEBUG   SenderThread:109895 [sender.py:send():382] send: history
2024-03-22 10:12:40,208 DEBUG   SenderThread:109895 [sender.py:send_request():409] send_request: summary_record
2024-03-22 10:12:40,210 INFO    SenderThread:109895 [sender.py:_save_file():1403] saving file wandb-summary.json with policy end
2024-03-22 10:12:40,210 DEBUG   SenderThread:109895 [sender.py:send():382] send: stats
2024-03-22 10:12:40,569 INFO    Thread-87 :109895 [dir_watcher.py:_on_file_created():271] file/dir created: /mnt/d/WSL/Flight-Fare-Prediction/wandb/run-20240322_101148-Top 5 Airline Pie Chart/files/wandb-summary.json
2024-03-22 10:12:42,182 DEBUG   HandlerThread:109895 [handler.py:handle_request():146] handle_request: keepalive
2024-03-22 10:12:45,212 DEBUG   HandlerThread:109895 [handler.py:handle_request():146] handle_request: status_report
2024-03-22 10:12:47,177 DEBUG   HandlerThread:109895 [handler.py:handle_request():146] handle_request: internal_messages
2024-03-22 10:12:47,930 INFO    wandb-upload_1:109895 [upload_job.py:push():131] Uploaded file /tmp/tmp4qj3kp18wandb/1y9y1s1y-media/images/Top 5 Airline Pie Chart_0_dff2d2129055a50f3217.png
2024-03-22 10:12:50,213 DEBUG   HandlerThread:109895 [handler.py:handle_request():146] handle_request: status_report
2024-03-22 10:12:50,943 INFO    wandb-upload_0:109895 [upload_job.py:push():131] Uploaded file /tmp/tmp4qj3kp18wandb/irt63zhu-wandb-metadata.json
2024-03-22 10:12:52,184 DEBUG   HandlerThread:109895 [handler.py:handle_request():146] handle_request: keepalive
2024-03-22 10:12:55,214 DEBUG   HandlerThread:109895 [handler.py:handle_request():146] handle_request: status_report
2024-03-22 10:12:56,636 INFO    wandb-upload_1:109895 [upload_job.py:push():131] Uploaded file /tmp/tmp4qj3kp18wandb/0bvwhi3z-media/images/Top 5 Airline Pie Chart_0_dff2d2129055a50f3217.png
2024-03-22 10:12:57,185 DEBUG   HandlerThread:109895 [handler.py:handle_request():146] handle_request: keepalive
2024-03-22 10:13:00,215 DEBUG   HandlerThread:109895 [handler.py:handle_request():146] handle_request: status_report
2024-03-22 10:13:02,178 DEBUG   HandlerThread:109895 [handler.py:handle_request():146] handle_request: internal_messages
2024-03-22 10:13:05,216 DEBUG   HandlerThread:109895 [handler.py:handle_request():146] handle_request: status_report
2024-03-22 10:13:07,187 DEBUG   HandlerThread:109895 [handler.py:handle_request():146] handle_request: keepalive
2024-03-22 10:13:10,219 DEBUG   HandlerThread:109895 [handler.py:handle_request():146] handle_request: status_report
2024-03-22 10:13:12,188 DEBUG   HandlerThread:109895 [handler.py:handle_request():146] handle_request: keepalive
2024-03-22 10:13:13,029 INFO    Thread-87 :109895 [dir_watcher.py:_on_file_modified():288] file/dir modified: /mnt/d/WSL/Flight-Fare-Prediction/wandb/run-20240322_101148-Top 5 Airline Pie Chart/files/config.yaml
2024-03-22 10:13:17,178 DEBUG   HandlerThread:109895 [handler.py:handle_request():146] handle_request: internal_messages
2024-03-22 10:13:17,335 DEBUG   HandlerThread:109895 [handler.py:handle_request():146] handle_request: status_report
2024-03-22 10:13:22,190 DEBUG   HandlerThread:109895 [handler.py:handle_request():146] handle_request: keepalive
2024-03-22 10:13:22,336 DEBUG   HandlerThread:109895 [handler.py:handle_request():146] handle_request: status_report
2024-03-22 10:13:27,191 DEBUG   HandlerThread:109895 [handler.py:handle_request():146] handle_request: keepalive
2024-03-22 10:13:27,337 DEBUG   HandlerThread:109895 [handler.py:handle_request():146] handle_request: status_report
2024-03-22 10:13:32,178 DEBUG   HandlerThread:109895 [handler.py:handle_request():146] handle_request: internal_messages
2024-03-22 10:13:32,339 DEBUG   HandlerThread:109895 [handler.py:handle_request():146] handle_request: status_report
2024-03-22 10:13:37,193 DEBUG   HandlerThread:109895 [handler.py:handle_request():146] handle_request: keepalive
2024-03-22 10:13:37,340 DEBUG   HandlerThread:109895 [handler.py:handle_request():146] handle_request: status_report
2024-03-22 10:13:42,194 DEBUG   HandlerThread:109895 [handler.py:handle_request():146] handle_request: keepalive
2024-03-22 10:13:42,341 DEBUG   HandlerThread:109895 [handler.py:handle_request():146] handle_request: status_report
2024-03-22 10:13:47,178 DEBUG   HandlerThread:109895 [handler.py:handle_request():146] handle_request: internal_messages
2024-03-22 10:13:47,342 DEBUG   HandlerThread:109895 [handler.py:handle_request():146] handle_request: status_report
2024-03-22 10:13:52,196 DEBUG   HandlerThread:109895 [handler.py:handle_request():146] handle_request: keepalive
2024-03-22 10:13:52,344 DEBUG   HandlerThread:109895 [handler.py:handle_request():146] handle_request: status_report
2024-03-22 10:13:57,197 DEBUG   HandlerThread:109895 [handler.py:handle_request():146] handle_request: keepalive
2024-03-22 10:13:57,345 DEBUG   HandlerThread:109895 [handler.py:handle_request():146] handle_request: status_report
2024-03-22 10:14:02,178 DEBUG   HandlerThread:109895 [handler.py:handle_request():146] handle_request: internal_messages
2024-03-22 10:14:02,346 DEBUG   HandlerThread:109895 [handler.py:handle_request():146] handle_request: status_report
2024-03-22 10:14:07,199 DEBUG   HandlerThread:109895 [handler.py:handle_request():146] handle_request: keepalive
2024-03-22 10:14:07,347 DEBUG   HandlerThread:109895 [handler.py:handle_request():146] handle_request: status_report
2024-03-22 10:14:12,200 DEBUG   HandlerThread:109895 [handler.py:handle_request():146] handle_request: keepalive
2024-03-22 10:14:12,348 DEBUG   HandlerThread:109895 [handler.py:handle_request():146] handle_request: status_report
2024-03-22 10:14:17,178 DEBUG   HandlerThread:109895 [handler.py:handle_request():146] handle_request: internal_messages
2024-03-22 10:14:17,349 DEBUG   HandlerThread:109895 [handler.py:handle_request():146] handle_request: status_report
2024-03-22 10:14:22,202 DEBUG   HandlerThread:109895 [handler.py:handle_request():146] handle_request: keepalive
2024-03-22 10:14:22,350 DEBUG   HandlerThread:109895 [handler.py:handle_request():146] handle_request: status_report
2024-03-22 10:14:27,203 DEBUG   HandlerThread:109895 [handler.py:handle_request():146] handle_request: keepalive
2024-03-22 10:14:27,352 DEBUG   HandlerThread:109895 [handler.py:handle_request():146] handle_request: status_report
2024-03-22 10:14:32,179 DEBUG   HandlerThread:109895 [handler.py:handle_request():146] handle_request: internal_messages
2024-03-22 10:14:32,353 DEBUG   HandlerThread:109895 [handler.py:handle_request():146] handle_request: status_report
2024-03-22 10:14:37,205 DEBUG   HandlerThread:109895 [handler.py:handle_request():146] handle_request: keepalive
2024-03-22 10:14:37,354 DEBUG   HandlerThread:109895 [handler.py:handle_request():146] handle_request: status_report
2024-03-22 10:14:42,206 DEBUG   HandlerThread:109895 [handler.py:handle_request():146] handle_request: keepalive
2024-03-22 10:14:42,355 DEBUG   HandlerThread:109895 [handler.py:handle_request():146] handle_request: status_report
2024-03-22 10:14:47,179 DEBUG   HandlerThread:109895 [handler.py:handle_request():146] handle_request: internal_messages
2024-03-22 10:14:47,356 DEBUG   HandlerThread:109895 [handler.py:handle_request():146] handle_request: status_report
2024-03-22 10:14:52,209 DEBUG   HandlerThread:109895 [handler.py:handle_request():146] handle_request: keepalive
2024-03-22 10:14:52,357 DEBUG   HandlerThread:109895 [handler.py:handle_request():146] handle_request: status_report
2024-03-22 10:14:57,210 DEBUG   HandlerThread:109895 [handler.py:handle_request():146] handle_request: keepalive
2024-03-22 10:14:57,358 DEBUG   HandlerThread:109895 [handler.py:handle_request():146] handle_request: status_report
2024-03-22 10:15:02,179 DEBUG   HandlerThread:109895 [handler.py:handle_request():146] handle_request: internal_messages
2024-03-22 10:15:02,359 DEBUG   HandlerThread:109895 [handler.py:handle_request():146] handle_request: status_report
2024-03-22 10:15:07,212 DEBUG   HandlerThread:109895 [handler.py:handle_request():146] handle_request: keepalive
2024-03-22 10:15:07,361 DEBUG   HandlerThread:109895 [handler.py:handle_request():146] handle_request: status_report
2024-03-22 10:15:12,213 DEBUG   HandlerThread:109895 [handler.py:handle_request():146] handle_request: keepalive
2024-03-22 10:15:12,362 DEBUG   HandlerThread:109895 [handler.py:handle_request():146] handle_request: status_report
2024-03-22 10:15:17,179 DEBUG   HandlerThread:109895 [handler.py:handle_request():146] handle_request: internal_messages
2024-03-22 10:15:17,363 DEBUG   HandlerThread:109895 [handler.py:handle_request():146] handle_request: status_report
2024-03-22 10:15:22,215 DEBUG   HandlerThread:109895 [handler.py:handle_request():146] handle_request: keepalive
2024-03-22 10:15:22,364 DEBUG   HandlerThread:109895 [handler.py:handle_request():146] handle_request: status_report
2024-03-22 10:15:27,216 DEBUG   HandlerThread:109895 [handler.py:handle_request():146] handle_request: keepalive
2024-03-22 10:15:27,365 DEBUG   HandlerThread:109895 [handler.py:handle_request():146] handle_request: status_report
2024-03-22 10:15:32,179 DEBUG   HandlerThread:109895 [handler.py:handle_request():146] handle_request: internal_messages
2024-03-22 10:15:32,366 DEBUG   HandlerThread:109895 [handler.py:handle_request():146] handle_request: status_report
2024-03-22 10:15:37,218 DEBUG   HandlerThread:109895 [handler.py:handle_request():146] handle_request: keepalive
2024-03-22 10:15:37,367 DEBUG   HandlerThread:109895 [handler.py:handle_request():146] handle_request: status_report
2024-03-22 10:15:42,219 DEBUG   HandlerThread:109895 [handler.py:handle_request():146] handle_request: keepalive
2024-03-22 10:15:42,368 DEBUG   HandlerThread:109895 [handler.py:handle_request():146] handle_request: status_report
2024-03-22 10:15:47,180 DEBUG   HandlerThread:109895 [handler.py:handle_request():146] handle_request: internal_messages
2024-03-22 10:15:47,369 DEBUG   HandlerThread:109895 [handler.py:handle_request():146] handle_request: status_report
2024-03-22 10:15:52,221 DEBUG   HandlerThread:109895 [handler.py:handle_request():146] handle_request: keepalive
2024-03-22 10:15:52,370 DEBUG   HandlerThread:109895 [handler.py:handle_request():146] handle_request: status_report
2024-03-22 10:15:57,222 DEBUG   HandlerThread:109895 [handler.py:handle_request():146] handle_request: keepalive
2024-03-22 10:15:57,371 DEBUG   HandlerThread:109895 [handler.py:handle_request():146] handle_request: status_report
2024-03-22 10:16:02,180 DEBUG   HandlerThread:109895 [handler.py:handle_request():146] handle_request: internal_messages
2024-03-22 10:16:02,373 DEBUG   HandlerThread:109895 [handler.py:handle_request():146] handle_request: status_report
2024-03-22 10:16:07,224 DEBUG   HandlerThread:109895 [handler.py:handle_request():146] handle_request: keepalive
2024-03-22 10:16:07,374 DEBUG   HandlerThread:109895 [handler.py:handle_request():146] handle_request: status_report
2024-03-22 10:16:12,225 DEBUG   HandlerThread:109895 [handler.py:handle_request():146] handle_request: keepalive
2024-03-22 10:16:12,375 DEBUG   HandlerThread:109895 [handler.py:handle_request():146] handle_request: status_report
2024-03-22 10:16:17,180 DEBUG   HandlerThread:109895 [handler.py:handle_request():146] handle_request: internal_messages
2024-03-22 10:16:17,376 DEBUG   HandlerThread:109895 [handler.py:handle_request():146] handle_request: status_report
2024-03-22 10:16:22,227 DEBUG   HandlerThread:109895 [handler.py:handle_request():146] handle_request: keepalive
2024-03-22 10:16:22,377 DEBUG   HandlerThread:109895 [handler.py:handle_request():146] handle_request: status_report
2024-03-22 10:16:27,228 DEBUG   HandlerThread:109895 [handler.py:handle_request():146] handle_request: keepalive
2024-03-22 10:16:27,378 DEBUG   HandlerThread:109895 [handler.py:handle_request():146] handle_request: status_report
2024-03-22 10:16:28,943 WARNING FileStreamThread:109895 [file_stream.py:request_with_retry():668] requests_with_retry encountered retryable exception: ('Connection aborted.', RemoteDisconnected('Remote end closed connection without response')). func: functools.partial(<bound method Session.post of <requests.sessions.Session object at 0x7f97ad241390>>, timeout=180.0), args: ('https://api.wandb.ai/files/ghsouvikprof/Flight Fare/Top 5 Airline Pie Chart/file_stream',), kwargs: {'json': {'complete': False, 'failed': False, 'dropped': 0, 'uploaded': []}}
2024-03-22 10:16:32,181 DEBUG   HandlerThread:109895 [handler.py:handle_request():146] handle_request: internal_messages
2024-03-22 10:16:32,379 DEBUG   HandlerThread:109895 [handler.py:handle_request():146] handle_request: status_report
2024-03-22 10:16:33,279 WARNING FileStreamThread:109895 [file_stream.py:request_with_retry():668] requests_with_retry encountered retryable exception: HTTPSConnectionPool(host='api.wandb.ai', port=443): Max retries exceeded with url: /files/ghsouvikprof/Flight%20Fare/Top%205%20Airline%20Pie%20Chart/file_stream (Caused by SSLError(SSLCertVerificationError(1, '[SSL: CERTIFICATE_VERIFY_FAILED] certificate verify failed: unable to get local issuer certificate (_ssl.c:1006)'))). func: functools.partial(<bound method Session.post of <requests.sessions.Session object at 0x7f97ad241390>>, timeout=180.0), args: ('https://api.wandb.ai/files/ghsouvikprof/Flight Fare/Top 5 Airline Pie Chart/file_stream',), kwargs: {'json': {'complete': False, 'failed': False, 'dropped': 0, 'uploaded': []}}
2024-03-22 10:16:37,230 DEBUG   HandlerThread:109895 [handler.py:handle_request():146] handle_request: keepalive
2024-03-22 10:16:37,380 DEBUG   HandlerThread:109895 [handler.py:handle_request():146] handle_request: status_report
2024-03-22 10:16:39,044 WARNING FileStreamThread:109895 [file_stream.py:request_with_retry():668] requests_with_retry encountered retryable exception: HTTPSConnectionPool(host='api.wandb.ai', port=443): Max retries exceeded with url: /files/ghsouvikprof/Flight%20Fare/Top%205%20Airline%20Pie%20Chart/file_stream (Caused by SSLError(SSLCertVerificationError(1, '[SSL: CERTIFICATE_VERIFY_FAILED] certificate verify failed: unable to get local issuer certificate (_ssl.c:1006)'))). func: functools.partial(<bound method Session.post of <requests.sessions.Session object at 0x7f97ad241390>>, timeout=180.0), args: ('https://api.wandb.ai/files/ghsouvikprof/Flight Fare/Top 5 Airline Pie Chart/file_stream',), kwargs: {'json': {'complete': False, 'failed': False, 'dropped': 0, 'uploaded': []}}
2024-03-22 10:16:42,231 DEBUG   HandlerThread:109895 [handler.py:handle_request():146] handle_request: keepalive
2024-03-22 10:16:42,381 DEBUG   HandlerThread:109895 [handler.py:handle_request():146] handle_request: status_report
2024-03-22 10:16:47,181 DEBUG   HandlerThread:109895 [handler.py:handle_request():146] handle_request: internal_messages
2024-03-22 10:16:47,382 DEBUG   HandlerThread:109895 [handler.py:handle_request():146] handle_request: status_report
2024-03-22 10:16:49,245 WARNING FileStreamThread:109895 [file_stream.py:request_with_retry():668] requests_with_retry encountered retryable exception: HTTPSConnectionPool(host='api.wandb.ai', port=443): Max retries exceeded with url: /files/ghsouvikprof/Flight%20Fare/Top%205%20Airline%20Pie%20Chart/file_stream (Caused by SSLError(SSLCertVerificationError(1, '[SSL: CERTIFICATE_VERIFY_FAILED] certificate verify failed: unable to get local issuer certificate (_ssl.c:1006)'))). func: functools.partial(<bound method Session.post of <requests.sessions.Session object at 0x7f97ad241390>>, timeout=180.0), args: ('https://api.wandb.ai/files/ghsouvikprof/Flight Fare/Top 5 Airline Pie Chart/file_stream',), kwargs: {'json': {'complete': False, 'failed': False, 'dropped': 0, 'uploaded': []}}
2024-03-22 10:16:52,233 DEBUG   HandlerThread:109895 [handler.py:handle_request():146] handle_request: keepalive
2024-03-22 10:16:52,383 DEBUG   HandlerThread:109895 [handler.py:handle_request():146] handle_request: status_report
2024-03-22 10:16:57,234 DEBUG   HandlerThread:109895 [handler.py:handle_request():146] handle_request: keepalive
2024-03-22 10:16:57,384 DEBUG   HandlerThread:109895 [handler.py:handle_request():146] handle_request: status_report
2024-03-22 10:17:02,181 DEBUG   HandlerThread:109895 [handler.py:handle_request():146] handle_request: internal_messages
2024-03-22 10:17:02,385 DEBUG   HandlerThread:109895 [handler.py:handle_request():146] handle_request: status_report
2024-03-22 10:17:07,237 DEBUG   HandlerThread:109895 [handler.py:handle_request():146] handle_request: keepalive
2024-03-22 10:17:07,386 DEBUG   HandlerThread:109895 [handler.py:handle_request():146] handle_request: status_report
2024-03-22 10:17:12,238 DEBUG   HandlerThread:109895 [handler.py:handle_request():146] handle_request: keepalive
2024-03-22 10:17:12,388 DEBUG   HandlerThread:109895 [handler.py:handle_request():146] handle_request: status_report
2024-03-22 10:17:12,763 DEBUG   HandlerThread:109895 [handler.py:handle_request():146] handle_request: resume
2024-03-22 10:17:12,763 INFO    HandlerThread:109895 [handler.py:handle_request_resume():699] starting system metrics thread
2024-03-22 10:17:12,764 INFO    HandlerThread:109895 [system_monitor.py:start():194] Starting system monitor
2024-03-22 10:17:12,767 INFO    SystemMonitor:109895 [system_monitor.py:_start():158] Starting system asset monitoring threads
2024-03-22 10:17:12,772 INFO    SystemMonitor:109895 [interfaces.py:start():190] Started cpu monitoring
2024-03-22 10:17:12,776 INFO    SystemMonitor:109895 [interfaces.py:start():190] Started disk monitoring
2024-03-22 10:17:12,781 INFO    SystemMonitor:109895 [interfaces.py:start():190] Started gpu monitoring
2024-03-22 10:17:12,783 INFO    SystemMonitor:109895 [interfaces.py:start():190] Started memory monitoring
2024-03-22 10:17:12,785 INFO    SystemMonitor:109895 [interfaces.py:start():190] Started network monitoring
2024-03-22 10:17:12,790 DEBUG   HandlerThread:109895 [handler.py:handle_request():146] handle_request: pause
2024-03-22 10:17:12,790 INFO    HandlerThread:109895 [handler.py:handle_request_pause():708] stopping system metrics thread
2024-03-22 10:17:12,791 INFO    HandlerThread:109895 [system_monitor.py:finish():203] Stopping system monitor
2024-03-22 10:17:12,792 DEBUG   SystemMonitor:109895 [system_monitor.py:_start():172] Starting system metrics aggregation loop
2024-03-22 10:17:12,792 INFO    HandlerThread:109895 [interfaces.py:finish():202] Joined cpu monitor
2024-03-22 10:17:12,793 DEBUG   SystemMonitor:109895 [system_monitor.py:_start():179] Finished system metrics aggregation loop
2024-03-22 10:17:12,793 INFO    HandlerThread:109895 [interfaces.py:finish():202] Joined disk monitor
2024-03-22 10:17:12,793 DEBUG   SystemMonitor:109895 [system_monitor.py:_start():183] Publishing last batch of metrics
2024-03-22 10:17:12,810 INFO    HandlerThread:109895 [interfaces.py:finish():202] Joined gpu monitor
2024-03-22 10:17:12,810 INFO    HandlerThread:109895 [interfaces.py:finish():202] Joined memory monitor
2024-03-22 10:17:12,810 INFO    HandlerThread:109895 [interfaces.py:finish():202] Joined network monitor
2024-03-22 10:17:12,811 DEBUG   HandlerThread:109895 [handler.py:handle_request():146] handle_request: resume
2024-03-22 10:17:12,812 INFO    HandlerThread:109895 [handler.py:handle_request_resume():699] starting system metrics thread
2024-03-22 10:17:12,812 DEBUG   SenderThread:109895 [sender.py:send():382] send: stats
2024-03-22 10:17:12,813 INFO    HandlerThread:109895 [system_monitor.py:start():194] Starting system monitor
2024-03-22 10:17:12,814 INFO    SystemMonitor:109895 [system_monitor.py:_start():158] Starting system asset monitoring threads
2024-03-22 10:17:12,814 INFO    SystemMonitor:109895 [interfaces.py:start():190] Started cpu monitoring
2024-03-22 10:17:12,815 INFO    SystemMonitor:109895 [interfaces.py:start():190] Started disk monitoring
2024-03-22 10:17:12,816 INFO    SystemMonitor:109895 [interfaces.py:start():190] Started gpu monitoring
2024-03-22 10:17:12,816 INFO    SystemMonitor:109895 [interfaces.py:start():190] Started memory monitoring
2024-03-22 10:17:12,817 INFO    SystemMonitor:109895 [interfaces.py:start():190] Started network monitoring
2024-03-22 10:17:12,828 DEBUG   HandlerThread:109895 [handler.py:handle_request():146] handle_request: pause
2024-03-22 10:17:12,828 INFO    HandlerThread:109895 [handler.py:handle_request_pause():708] stopping system metrics thread
2024-03-22 10:17:12,828 INFO    HandlerThread:109895 [system_monitor.py:finish():203] Stopping system monitor
2024-03-22 10:17:12,829 DEBUG   SystemMonitor:109895 [system_monitor.py:_start():172] Starting system metrics aggregation loop
2024-03-22 10:17:12,829 INFO    HandlerThread:109895 [interfaces.py:finish():202] Joined cpu monitor
2024-03-22 10:17:12,829 DEBUG   SystemMonitor:109895 [system_monitor.py:_start():179] Finished system metrics aggregation loop
2024-03-22 10:17:12,830 INFO    HandlerThread:109895 [interfaces.py:finish():202] Joined disk monitor
2024-03-22 10:17:12,830 DEBUG   SystemMonitor:109895 [system_monitor.py:_start():183] Publishing last batch of metrics
2024-03-22 10:17:12,841 INFO    HandlerThread:109895 [interfaces.py:finish():202] Joined gpu monitor
2024-03-22 10:17:12,841 INFO    HandlerThread:109895 [interfaces.py:finish():202] Joined memory monitor
2024-03-22 10:17:12,841 INFO    HandlerThread:109895 [interfaces.py:finish():202] Joined network monitor
2024-03-22 10:17:12,842 DEBUG   HandlerThread:109895 [handler.py:handle_request():146] handle_request: resume
2024-03-22 10:17:12,842 DEBUG   SenderThread:109895 [sender.py:send():382] send: stats
2024-03-22 10:17:12,842 INFO    HandlerThread:109895 [handler.py:handle_request_resume():699] starting system metrics thread
2024-03-22 10:17:12,843 INFO    HandlerThread:109895 [system_monitor.py:start():194] Starting system monitor
2024-03-22 10:17:12,843 INFO    SystemMonitor:109895 [system_monitor.py:_start():158] Starting system asset monitoring threads
2024-03-22 10:17:12,843 INFO    SystemMonitor:109895 [interfaces.py:start():190] Started cpu monitoring
2024-03-22 10:17:12,844 INFO    SystemMonitor:109895 [interfaces.py:start():190] Started disk monitoring
2024-03-22 10:17:12,844 INFO    SystemMonitor:109895 [interfaces.py:start():190] Started gpu monitoring
2024-03-22 10:17:12,846 INFO    SystemMonitor:109895 [interfaces.py:start():190] Started memory monitoring
2024-03-22 10:17:12,847 INFO    SystemMonitor:109895 [interfaces.py:start():190] Started network monitoring
2024-03-22 10:17:12,897 DEBUG   SenderThread:109895 [sender.py:send():382] send: telemetry
2024-03-22 10:17:12,906 DEBUG   SenderThread:109895 [sender.py:send():382] send: exit
2024-03-22 10:17:12,906 INFO    SenderThread:109895 [sender.py:send_exit():589] handling exit code: 0
2024-03-22 10:17:12,907 INFO    SenderThread:109895 [sender.py:send_exit():591] handling runtime: 6
2024-03-22 10:17:12,909 INFO    SenderThread:109895 [sender.py:_save_file():1403] saving file wandb-summary.json with policy end
2024-03-22 10:17:12,911 INFO    SenderThread:109895 [sender.py:send_exit():597] send defer
2024-03-22 10:17:12,912 DEBUG   HandlerThread:109895 [handler.py:handle_request():146] handle_request: defer
2024-03-22 10:17:12,912 INFO    HandlerThread:109895 [handler.py:handle_request_defer():172] handle defer: 0
2024-03-22 10:17:12,912 DEBUG   SenderThread:109895 [sender.py:send_request():409] send_request: defer
2024-03-22 10:17:12,913 INFO    SenderThread:109895 [sender.py:send_request_defer():613] handle sender defer: 0
2024-03-22 10:17:12,913 INFO    SenderThread:109895 [sender.py:transition_state():617] send defer: 1
2024-03-22 10:17:12,913 DEBUG   HandlerThread:109895 [handler.py:handle_request():146] handle_request: defer
2024-03-22 10:17:12,913 INFO    HandlerThread:109895 [handler.py:handle_request_defer():172] handle defer: 1
2024-03-22 10:17:12,914 DEBUG   SenderThread:109895 [sender.py:send_request():409] send_request: defer
2024-03-22 10:17:12,914 INFO    SenderThread:109895 [sender.py:send_request_defer():613] handle sender defer: 1
2024-03-22 10:17:12,914 INFO    SenderThread:109895 [sender.py:transition_state():617] send defer: 2
2024-03-22 10:17:12,914 DEBUG   HandlerThread:109895 [handler.py:handle_request():146] handle_request: defer
2024-03-22 10:17:12,914 INFO    HandlerThread:109895 [handler.py:handle_request_defer():172] handle defer: 2
2024-03-22 10:17:12,914 INFO    HandlerThread:109895 [system_monitor.py:finish():203] Stopping system monitor
2024-03-22 10:17:12,915 DEBUG   SystemMonitor:109895 [system_monitor.py:_start():172] Starting system metrics aggregation loop
2024-03-22 10:17:12,915 INFO    HandlerThread:109895 [interfaces.py:finish():202] Joined cpu monitor
2024-03-22 10:17:12,915 DEBUG   SystemMonitor:109895 [system_monitor.py:_start():179] Finished system metrics aggregation loop
2024-03-22 10:17:12,916 INFO    HandlerThread:109895 [interfaces.py:finish():202] Joined disk monitor
2024-03-22 10:17:12,916 DEBUG   SystemMonitor:109895 [system_monitor.py:_start():183] Publishing last batch of metrics
2024-03-22 10:17:12,927 INFO    HandlerThread:109895 [interfaces.py:finish():202] Joined gpu monitor
2024-03-22 10:17:12,928 INFO    HandlerThread:109895 [interfaces.py:finish():202] Joined memory monitor
2024-03-22 10:17:12,928 INFO    HandlerThread:109895 [interfaces.py:finish():202] Joined network monitor
2024-03-22 10:17:12,928 DEBUG   SenderThread:109895 [sender.py:send_request():409] send_request: defer
2024-03-22 10:17:12,929 INFO    SenderThread:109895 [sender.py:send_request_defer():613] handle sender defer: 2
2024-03-22 10:17:12,929 INFO    SenderThread:109895 [sender.py:transition_state():617] send defer: 3
2024-03-22 10:17:12,929 DEBUG   SenderThread:109895 [sender.py:send():382] send: stats
2024-03-22 10:17:12,929 DEBUG   HandlerThread:109895 [handler.py:handle_request():146] handle_request: defer
2024-03-22 10:17:12,930 INFO    HandlerThread:109895 [handler.py:handle_request_defer():172] handle defer: 3
2024-03-22 10:17:12,930 DEBUG   SenderThread:109895 [sender.py:send_request():409] send_request: defer
2024-03-22 10:17:12,930 INFO    SenderThread:109895 [sender.py:send_request_defer():613] handle sender defer: 3
2024-03-22 10:17:12,930 INFO    SenderThread:109895 [sender.py:transition_state():617] send defer: 4
2024-03-22 10:17:12,931 DEBUG   HandlerThread:109895 [handler.py:handle_request():146] handle_request: defer
2024-03-22 10:17:12,931 INFO    HandlerThread:109895 [handler.py:handle_request_defer():172] handle defer: 4
2024-03-22 10:17:12,931 DEBUG   SenderThread:109895 [sender.py:send_request():409] send_request: defer
2024-03-22 10:17:12,931 INFO    SenderThread:109895 [sender.py:send_request_defer():613] handle sender defer: 4
2024-03-22 10:17:12,931 INFO    SenderThread:109895 [sender.py:transition_state():617] send defer: 5
2024-03-22 10:17:12,932 DEBUG   HandlerThread:109895 [handler.py:handle_request():146] handle_request: defer
2024-03-22 10:17:12,932 INFO    HandlerThread:109895 [handler.py:handle_request_defer():172] handle defer: 5
2024-03-22 10:17:12,932 DEBUG   SenderThread:109895 [sender.py:send():382] send: summary
2024-03-22 10:17:12,934 INFO    SenderThread:109895 [sender.py:_save_file():1403] saving file wandb-summary.json with policy end
2024-03-22 10:17:12,935 DEBUG   SenderThread:109895 [sender.py:send_request():409] send_request: defer
2024-03-22 10:17:12,935 INFO    SenderThread:109895 [sender.py:send_request_defer():613] handle sender defer: 5
2024-03-22 10:17:12,935 INFO    SenderThread:109895 [sender.py:transition_state():617] send defer: 6
2024-03-22 10:17:12,935 DEBUG   HandlerThread:109895 [handler.py:handle_request():146] handle_request: defer
2024-03-22 10:17:12,935 INFO    HandlerThread:109895 [handler.py:handle_request_defer():172] handle defer: 6
2024-03-22 10:17:12,936 DEBUG   SenderThread:109895 [sender.py:send_request():409] send_request: defer
2024-03-22 10:17:12,936 INFO    SenderThread:109895 [sender.py:send_request_defer():613] handle sender defer: 6
2024-03-22 10:17:12,939 DEBUG   HandlerThread:109895 [handler.py:handle_request():146] handle_request: status_report
2024-03-22 10:17:13,141 WARNING FileStreamThread:109895 [file_stream.py:request_with_retry():668] requests_with_retry encountered retryable exception: HTTPSConnectionPool(host='api.wandb.ai', port=443): Max retries exceeded with url: /files/ghsouvikprof/Flight%20Fare/Top%205%20Airline%20Pie%20Chart/file_stream (Caused by SSLError(SSLCertVerificationError(1, '[SSL: CERTIFICATE_VERIFY_FAILED] certificate verify failed: unable to get local issuer certificate (_ssl.c:1006)'))). func: functools.partial(<bound method Session.post of <requests.sessions.Session object at 0x7f97ad241390>>, timeout=180.0), args: ('https://api.wandb.ai/files/ghsouvikprof/Flight Fare/Top 5 Airline Pie Chart/file_stream',), kwargs: {'json': {'complete': False, 'failed': False, 'dropped': 0, 'uploaded': []}}
2024-03-22 10:17:13,613 INFO    Thread-87 :109895 [dir_watcher.py:_on_file_modified():288] file/dir modified: /mnt/d/WSL/Flight-Fare-Prediction/wandb/run-20240322_101148-Top 5 Airline Pie Chart/files/wandb-summary.json
2024-03-22 10:17:13,614 INFO    Thread-87 :109895 [dir_watcher.py:_on_file_created():271] file/dir created: /mnt/d/WSL/Flight-Fare-Prediction/wandb/run-20240322_101148-Top 5 Airline Pie Chart/files/output.log
2024-03-22 10:17:13,907 DEBUG   HandlerThread:109895 [handler.py:handle_request():146] handle_request: poll_exit
2024-03-22 10:17:15,632 INFO    Thread-87 :109895 [dir_watcher.py:_on_file_modified():288] file/dir modified: /mnt/d/WSL/Flight-Fare-Prediction/wandb/run-20240322_101148-Top 5 Airline Pie Chart/files/output.log
2024-03-22 10:17:18,614 INFO    SenderThread:109895 [retry.py:__call__():172] Retry attempt failed:
Traceback (most recent call last):
  File "/home/souvik/miniconda3/lib/python3.11/site-packages/urllib3/connectionpool.py", line 715, in urlopen
    httplib_response = self._make_request(
                       ^^^^^^^^^^^^^^^^^^^
  File "/home/souvik/miniconda3/lib/python3.11/site-packages/urllib3/connectionpool.py", line 404, in _make_request
    self._validate_conn(conn)
  File "/home/souvik/miniconda3/lib/python3.11/site-packages/urllib3/connectionpool.py", line 1058, in _validate_conn
    conn.connect()
  File "/home/souvik/miniconda3/lib/python3.11/site-packages/urllib3/connection.py", line 419, in connect
    self.sock = ssl_wrap_socket(
                ^^^^^^^^^^^^^^^^
  File "/home/souvik/miniconda3/lib/python3.11/site-packages/urllib3/util/ssl_.py", line 449, in ssl_wrap_socket
    ssl_sock = _ssl_wrap_socket_impl(
               ^^^^^^^^^^^^^^^^^^^^^^
  File "/home/souvik/miniconda3/lib/python3.11/site-packages/urllib3/util/ssl_.py", line 493, in _ssl_wrap_socket_impl
    return ssl_context.wrap_socket(sock, server_hostname=server_hostname)
           ^^^^^^^^^^^^^^^^^^^^^^^^^^^^^^^^^^^^^^^^^^^^^^^^^^^^^^^^^^^^^^
  File "/home/souvik/miniconda3/lib/python3.11/ssl.py", line 517, in wrap_socket
    return self.sslsocket_class._create(
           ^^^^^^^^^^^^^^^^^^^^^^^^^^^^^
  File "/home/souvik/miniconda3/lib/python3.11/ssl.py", line 1108, in _create
    self.do_handshake()
  File "/home/souvik/miniconda3/lib/python3.11/ssl.py", line 1379, in do_handshake
    self._sslobj.do_handshake()
ssl.SSLCertVerificationError: [SSL: CERTIFICATE_VERIFY_FAILED] certificate verify failed: unable to get local issuer certificate (_ssl.c:1006)

During handling of the above exception, another exception occurred:

Traceback (most recent call last):
  File "/home/souvik/miniconda3/lib/python3.11/site-packages/requests/adapters.py", line 486, in send
    resp = conn.urlopen(
           ^^^^^^^^^^^^^
  File "/home/souvik/miniconda3/lib/python3.11/site-packages/urllib3/connectionpool.py", line 799, in urlopen
    retries = retries.increment(
              ^^^^^^^^^^^^^^^^^^
  File "/home/souvik/miniconda3/lib/python3.11/site-packages/urllib3/util/retry.py", line 592, in increment
    raise MaxRetryError(_pool, url, error or ResponseError(cause))
urllib3.exceptions.MaxRetryError: HTTPSConnectionPool(host='api.wandb.ai', port=443): Max retries exceeded with url: /graphql (Caused by SSLError(SSLCertVerificationError(1, '[SSL: CERTIFICATE_VERIFY_FAILED] certificate verify failed: unable to get local issuer certificate (_ssl.c:1006)')))

During handling of the above exception, another exception occurred:

Traceback (most recent call last):
  File "/home/souvik/miniconda3/lib/python3.11/site-packages/wandb/sdk/lib/retry.py", line 131, in __call__
    result = self._call_fn(*args, **kwargs)
             ^^^^^^^^^^^^^^^^^^^^^^^^^^^^^^
  File "/home/souvik/miniconda3/lib/python3.11/site-packages/wandb/sdk/internal/internal_api.py", line 369, in execute
    return self.client.execute(*args, **kwargs)  # type: ignore
           ^^^^^^^^^^^^^^^^^^^^^^^^^^^^^^^^^^^^
  File "/home/souvik/miniconda3/lib/python3.11/site-packages/wandb/vendor/gql-0.2.0/wandb_gql/client.py", line 52, in execute
    result = self._get_result(document, *args, **kwargs)
             ^^^^^^^^^^^^^^^^^^^^^^^^^^^^^^^^^^^^^^^^^^^
  File "/home/souvik/miniconda3/lib/python3.11/site-packages/wandb/vendor/gql-0.2.0/wandb_gql/client.py", line 60, in _get_result
    return self.transport.execute(document, *args, **kwargs)
           ^^^^^^^^^^^^^^^^^^^^^^^^^^^^^^^^^^^^^^^^^^^^^^^^^
  File "/home/souvik/miniconda3/lib/python3.11/site-packages/wandb/sdk/lib/gql_request.py", line 58, in execute
    request = self.session.post(self.url, **post_args)
              ^^^^^^^^^^^^^^^^^^^^^^^^^^^^^^^^^^^^^^^^
  File "/home/souvik/miniconda3/lib/python3.11/site-packages/requests/sessions.py", line 637, in post
    return self.request("POST", url, data=data, json=json, **kwargs)
           ^^^^^^^^^^^^^^^^^^^^^^^^^^^^^^^^^^^^^^^^^^^^^^^^^^^^^^^^^
  File "/home/souvik/miniconda3/lib/python3.11/site-packages/requests/sessions.py", line 589, in request
    resp = self.send(prep, **send_kwargs)
           ^^^^^^^^^^^^^^^^^^^^^^^^^^^^^^
  File "/home/souvik/miniconda3/lib/python3.11/site-packages/requests/sessions.py", line 703, in send
    r = adapter.send(request, **kwargs)
        ^^^^^^^^^^^^^^^^^^^^^^^^^^^^^^^
  File "/home/souvik/miniconda3/lib/python3.11/site-packages/requests/adapters.py", line 517, in send
    raise SSLError(e, request=request)
requests.exceptions.SSLError: HTTPSConnectionPool(host='api.wandb.ai', port=443): Max retries exceeded with url: /graphql (Caused by SSLError(SSLCertVerificationError(1, '[SSL: CERTIFICATE_VERIFY_FAILED] certificate verify failed: unable to get local issuer certificate (_ssl.c:1006)')))
2024-03-22 10:17:18,909 DEBUG   HandlerThread:109895 [handler.py:handle_request():146] handle_request: keepalive
2024-03-22 10:17:23,910 DEBUG   HandlerThread:109895 [handler.py:handle_request():146] handle_request: keepalive
2024-03-22 10:17:28,912 DEBUG   HandlerThread:109895 [handler.py:handle_request():146] handle_request: keepalive
2024-03-22 10:17:33,913 DEBUG   HandlerThread:109895 [handler.py:handle_request():146] handle_request: keepalive
2024-03-22 10:17:38,914 DEBUG   HandlerThread:109895 [handler.py:handle_request():146] handle_request: keepalive
2024-03-22 10:17:43,915 DEBUG   HandlerThread:109895 [handler.py:handle_request():146] handle_request: keepalive
2024-03-22 10:17:48,916 DEBUG   HandlerThread:109895 [handler.py:handle_request():146] handle_request: keepalive
2024-03-22 10:17:53,917 DEBUG   HandlerThread:109895 [handler.py:handle_request():146] handle_request: keepalive
2024-03-22 10:17:57,063 WARNING FileStreamThread:109895 [file_stream.py:request_with_retry():668] requests_with_retry encountered retryable exception: HTTPSConnectionPool(host='api.wandb.ai', port=443): Max retries exceeded with url: /files/ghsouvikprof/Flight%20Fare/Top%205%20Airline%20Pie%20Chart/file_stream (Caused by SSLError(SSLCertVerificationError(1, '[SSL: CERTIFICATE_VERIFY_FAILED] certificate verify failed: unable to get local issuer certificate (_ssl.c:1006)'))). func: functools.partial(<bound method Session.post of <requests.sessions.Session object at 0x7f97ad241390>>, timeout=180.0), args: ('https://api.wandb.ai/files/ghsouvikprof/Flight Fare/Top 5 Airline Pie Chart/file_stream',), kwargs: {'json': {'complete': False, 'failed': False, 'dropped': 0, 'uploaded': []}}
2024-03-22 10:17:58,918 DEBUG   HandlerThread:109895 [handler.py:handle_request():146] handle_request: keepalive
2024-03-22 10:18:03,918 DEBUG   HandlerThread:109895 [handler.py:handle_request():146] handle_request: keepalive
2024-03-22 10:18:08,919 DEBUG   HandlerThread:109895 [handler.py:handle_request():146] handle_request: keepalive
